C:\Users\ls\Desktop\WinZlog-master\zlog\\x64\Release\zlog.dll
C:\Users\ls\Desktop\WinZlog-master\zlog\\x64\Release\zlog.dll.intermediate.manifest
C:\Users\ls\Desktop\WinZlog-master\zlog\\x64\Release\zlog.pdb
C:\USERS\LS\DESKTOP\WINZLOG-MASTER\ZLOG\X64\RELEASE\BUF.OBJ
C:\USERS\LS\DESKTOP\WINZLOG-MASTER\ZLOG\X64\RELEASE\CATEGORY.OBJ
C:\USERS\LS\DESKTOP\WINZLOG-MASTER\ZLOG\X64\RELEASE\CATEGORY_TABLE.OBJ
C:\Users\ls\Desktop\WinZlog-master\zlog\x64\Release\cl.command.1.tlog
C:\Users\ls\Desktop\WinZlog-master\zlog\x64\Release\CL.read.1.tlog
C:\Users\ls\Desktop\WinZlog-master\zlog\x64\Release\CL.write.1.tlog
C:\USERS\LS\DESKTOP\WINZLOG-MASTER\ZLOG\X64\RELEASE\CONF.OBJ
C:\USERS\LS\DESKTOP\WINZLOG-MASTER\ZLOG\X64\RELEASE\EVENT.OBJ
C:\USERS\LS\DESKTOP\WINZLOG-MASTER\ZLOG\X64\RELEASE\FORMAT.OBJ
C:\USERS\LS\DESKTOP\WINZLOG-MASTER\ZLOG\X64\RELEASE\LEVEL.OBJ
C:\USERS\LS\DESKTOP\WINZLOG-MASTER\ZLOG\X64\RELEASE\LEVEL_LIST.OBJ
C:\Users\ls\Desktop\WinZlog-master\zlog\x64\Release\link.command.1.tlog
C:\Users\ls\Desktop\WinZlog-master\zlog\x64\Release\link.read.1.tlog
C:\Users\ls\Desktop\WinZlog-master\zlog\x64\Release\link.write.1.tlog
C:\Users\ls\Desktop\WinZlog-master\zlog\x64\Release\link-cvtres.read.1.tlog
C:\Users\ls\Desktop\WinZlog-master\zlog\x64\Release\link-cvtres.write.1.tlog
C:\USERS\LS\DESKTOP\WINZLOG-MASTER\ZLOG\X64\RELEASE\MDC.OBJ
C:\Users\ls\Desktop\WinZlog-master\zlog\x64\Release\mt.command.1.tlog
C:\Users\ls\Desktop\WinZlog-master\zlog\x64\Release\mt.read.1.tlog
C:\Users\ls\Desktop\WinZlog-master\zlog\x64\Release\mt.write.1.tlog
C:\Users\ls\Desktop\WinZlog-master\zlog\x64\Release\rc.command.1.tlog
C:\Users\ls\Desktop\WinZlog-master\zlog\x64\Release\rc.read.1.tlog
C:\Users\ls\Desktop\WinZlog-master\zlog\x64\Release\rc.write.1.tlog
C:\USERS\LS\DESKTOP\WINZLOG-MASTER\ZLOG\X64\RELEASE\RECORD.OBJ
C:\USERS\LS\DESKTOP\WINZLOG-MASTER\ZLOG\X64\RELEASE\RECORD_TABLE.OBJ
C:\USERS\LS\DESKTOP\WINZLOG-MASTER\ZLOG\X64\RELEASE\RELEASE.OBJ
C:\USERS\LS\DESKTOP\WINZLOG-MASTER\ZLOG\X64\RELEASE\ROTATER.OBJ
C:\USERS\LS\DESKTOP\WINZLOG-MASTER\ZLOG\X64\RELEASE\RULE.OBJ
C:\USERS\LS\DESKTOP\WINZLOG-MASTER\ZLOG\X64\RELEASE\SPEC.OBJ
C:\USERS\LS\DESKTOP\WINZLOG-MASTER\ZLOG\X64\RELEASE\SYSLOG-CLIENT.OBJ
C:\USERS\LS\DESKTOP\WINZLOG-MASTER\ZLOG\X64\RELEASE\THREAD.OBJ
C:\USERS\LS\DESKTOP\WINZLOG-MASTER\ZLOG\X64\RELEASE\THREAD_LIST.OBJ
C:\USERS\LS\DESKTOP\WINZLOG-MASTER\ZLOG\X64\RELEASE\VC100.PDB
C:\USERS\LS\DESKTOP\WINZLOG-MASTER\ZLOG\X64\RELEASE\WIN_COMPAT.OBJ
C:\USERS\LS\DESKTOP\WINZLOG-MASTER\ZLOG\X64\RELEASE\ZC_ARRAYLIST.OBJ
C:\USERS\LS\DESKTOP\WINZLOG-MASTER\ZLOG\X64\RELEASE\ZC_HASHTABLE.OBJ
C:\USERS\LS\DESKTOP\WINZLOG-MASTER\ZLOG\X64\RELEASE\ZC_PROFILE.OBJ
C:\USERS\LS\DESKTOP\WINZLOG-MASTER\ZLOG\X64\RELEASE\ZC_UTIL.OBJ
C:\USERS\LS\DESKTOP\WINZLOG-MASTER\ZLOG\X64\RELEASE\ZLOG.DLL
C:\USERS\LS\DESKTOP\WINZLOG-MASTER\ZLOG\X64\RELEASE\ZLOG.DLL.INTERMEDIATE.MANIFEST
C:\Users\ls\Desktop\WinZlog-master\zlog\x64\Release\zlog.exp
C:\Users\ls\Desktop\WinZlog-master\zlog\x64\Release\zlog.lib
C:\USERS\LS\DESKTOP\WINZLOG-MASTER\ZLOG\X64\RELEASE\ZLOG.OBJ
C:\USERS\LS\DESKTOP\WINZLOG-MASTER\ZLOG\X64\RELEASE\ZLOG.PDB
C:\USERS\LS\DESKTOP\WINZLOG-MASTER\ZLOG\X64\RELEASE\ZLOG.RES
C:\Users\ls\Desktop\WinZlog-master\zlog\x64\Release\zlog.write.1.tlog
