已經開始建置於 2019/8/1 下午 02:28:37。
     1>節點 2 (rebuild 目標) 上的專案 "C:\Users\ls\Desktop\WinZlog-master\zlog\zlog.vcxproj"。
     1>_PrepareForClean:
         正在刪除檔案 "x64\Release\zlog.lastbuildstate"。
       InitializeBuildStatus:
         由於指定了 "AlwaysCreate"，因此正在建立 "x64\Release\zlog.unsuccessfulbuild"。
       ClCompile:
         c:\Program Files (x86)\Microsoft Visual Studio 10.0\VC\bin\x86_amd64\CL.exe /c /Zi /nologo /W3 /WX- /O2 /Oi /GL /D WIN32 /D NDEBUG /D _CONSOLE /D _WINDLL /D _UNICODE /D UNICODE /Gm- /EHsc /MD /GS /Gy /fp:precise /Zc:wchar_t /Zc:forScope /Fo"x64\Release\\" /Fd"x64\Release\vc100.pdb" /Gd /TC /errorReport:prompt src\buf.c src\category.c src\category_table.c src\conf.c src\event.c src\format.c src\level.c src\level_list.c src\mdc.c src\record.c src\record_table.c src\release.c src\rotater.c src\rule.c src\spec.c "src\syslog-client.c" src\thread.c src\thread_list.c src\win_compat.c src\zc_arraylist.c src\zc_hashtable.c src\zc_profile.c src\zc_util.c src\zlog.c
         buf.c
     1>src\buf.c(125): warning C4996: 'strcpy': This function or variable may be unsafe. Consider using strcpy_s instead. To disable deprecation, use _CRT_SECURE_NO_WARNINGS. See online help for details.
     1>src\buf.c(187): warning C4244: '=' : 將 'double' 轉換為 'size_t'，由於型別不同，可能導致資料遺失
     1>src\buf.c(239): warning C4996: 'vsnprintf': This function or variable may be unsafe. Consider using vsnprintf_s instead. To disable deprecation, use _CRT_SECURE_NO_WARNINGS. See online help for details.
                 c:\Program Files (x86)\Microsoft Visual Studio 10.0\VC\include\stdio.h(354) : 請參閱 'vsnprintf' 的宣告
     1>src\buf.c(260): warning C4996: 'vsnprintf': This function or variable may be unsafe. Consider using vsnprintf_s instead. To disable deprecation, use _CRT_SECURE_NO_WARNINGS. See online help for details.
                 c:\Program Files (x86)\Microsoft Visual Studio 10.0\VC\include\stdio.h(354) : 請參閱 'vsnprintf' 的宣告
     1>src\buf.c(277): warning C4996: 'vsnprintf': This function or variable may be unsafe. Consider using vsnprintf_s instead. To disable deprecation, use _CRT_SECURE_NO_WARNINGS. See online help for details.
                 c:\Program Files (x86)\Microsoft Visual Studio 10.0\VC\include\stdio.h(354) : 請參閱 'vsnprintf' 的宣告
     1>src\buf.c(614): warning C4018: '>' : signed/unsigned 不相符
         category.c
     1>src\category.c(143): warning C4996: 'strcpy': This function or variable may be unsafe. Consider using strcpy_s instead. To disable deprecation, use _CRT_SECURE_NO_WARNINGS. See online help for details.
         category_table.c
         conf.c
     1>src\conf.c(39): warning C4005: 'snprintf' : 巨集重複定義
                 c:\users\ls\desktop\winzlog-master\zlog\src\zc_defs.h(28) : 請參閱 'snprintf' 之前的定義
     1>src\conf.c(122): warning C4996: 'fopen': This function or variable may be unsafe. Consider using fopen_s instead. To disable deprecation, use _CRT_SECURE_NO_WARNINGS. See online help for details.
                 c:\Program Files (x86)\Microsoft Visual Studio 10.0\VC\include\stdio.h(234) : 請參閱 'fopen' 的宣告
     1>src\conf.c(144): warning C4047: '函式' : 'size_t' 與 'char [3]' 間接取值的層級不同
     1>src\conf.c(144): warning C4024: '_snprintf_s' : 型式和實質參數 3 不同的型別
     1>src\conf.c(146): warning C4996: 'getenv': This function or variable may be unsafe. Consider using _dupenv_s instead. To disable deprecation, use _CRT_SECURE_NO_WARNINGS. See online help for details.
                 c:\Program Files (x86)\Microsoft Visual Studio 10.0\VC\include\stdlib.h(433) : 請參閱 'getenv' 的宣告
     1>src\conf.c(147): warning C4047: '函式' : 'size_t' 與 'char [3]' 間接取值的層級不同
     1>src\conf.c(147): warning C4024: '_snprintf_s' : 型式和實質參數 3 不同的型別
     1>src\conf.c(147): warning C4996: 'getenv': This function or variable may be unsafe. Consider using _dupenv_s instead. To disable deprecation, use _CRT_SECURE_NO_WARNINGS. See online help for details.
                 c:\Program Files (x86)\Microsoft Visual Studio 10.0\VC\include\stdlib.h(433) : 請參閱 'getenv' 的宣告
     1>src\conf.c(164): warning C4996: 'strcpy': This function or variable may be unsafe. Consider using strcpy_s instead. To disable deprecation, use _CRT_SECURE_NO_WARNINGS. See online help for details.
     1>src\conf.c(166): warning C4996: 'strcpy': This function or variable may be unsafe. Consider using strcpy_s instead. To disable deprecation, use _CRT_SECURE_NO_WARNINGS. See online help for details.
     1>src\conf.c(168): warning C4996: 'strcpy': This function or variable may be unsafe. Consider using strcpy_s instead. To disable deprecation, use _CRT_SECURE_NO_WARNINGS. See online help for details.
     1>src\conf.c(273): warning C4133: '函式' : 不相容的型別 - 從 'stat *' 至 '_stat64i32 *'
     1>src\conf.c(281): warning C4013: 'localtime_r' 未定義; 假設 extern 傳回整數
     1>src\conf.c(284): warning C4996: 'fopen': This function or variable may be unsafe. Consider using fopen_s instead. To disable deprecation, use _CRT_SECURE_NO_WARNINGS. See online help for details.
                 c:\Program Files (x86)\Microsoft Visual Studio 10.0\VC\include\stdio.h(234) : 請參閱 'fopen' 的宣告
     1>src\conf.c(293): warning C4267: '函式' : 將 'size_t' 轉換為 'int'，資料可能遺失
     1>src\conf.c(380): warning C4996: 'sscanf': This function or variable may be unsafe. Consider using sscanf_s instead. To disable deprecation, use _CRT_SECURE_NO_WARNINGS. See online help for details.
                 c:\Program Files (x86)\Microsoft Visual Studio 10.0\VC\include\stdio.h(325) : 請參閱 'sscanf' 的宣告
     1>src\conf.c(436): warning C4996: 'sscanf': This function or variable may be unsafe. Consider using sscanf_s instead. To disable deprecation, use _CRT_SECURE_NO_WARNINGS. See online help for details.
                 c:\Program Files (x86)\Microsoft Visual Studio 10.0\VC\include\stdio.h(325) : 請參閱 'sscanf' 的宣告
     1>src\conf.c(445): warning C4996: 'sscanf': This function or variable may be unsafe. Consider using sscanf_s instead. To disable deprecation, use _CRT_SECURE_NO_WARNINGS. See online help for details.
                 c:\Program Files (x86)\Microsoft Visual Studio 10.0\VC\include\stdio.h(325) : 請參閱 'sscanf' 的宣告
     1>src\conf.c(451): warning C4013: 'strcasecmp' 未定義; 假設 extern 傳回整數
     1>src\conf.c(451): warning C4996: 'getenv': This function or variable may be unsafe. Consider using _dupenv_s instead. To disable deprecation, use _CRT_SECURE_NO_WARNINGS. See online help for details.
                 c:\Program Files (x86)\Microsoft Visual Studio 10.0\VC\include\stdlib.h(433) : 請參閱 'getenv' 的宣告
     1>src\conf.c(461): warning C4996: 'sscanf': This function or variable may be unsafe. Consider using sscanf_s instead. To disable deprecation, use _CRT_SECURE_NO_WARNINGS. See online help for details.
                 c:\Program Files (x86)\Microsoft Visual Studio 10.0\VC\include\stdio.h(325) : 請參閱 'sscanf' 的宣告
     1>src\conf.c(466): warning C4996: 'strcpy': This function or variable may be unsafe. Consider using strcpy_s instead. To disable deprecation, use _CRT_SECURE_NO_WARNINGS. See online help for details.
     1>src\conf.c(468): warning C4996: 'strcpy': This function or variable may be unsafe. Consider using strcpy_s instead. To disable deprecation, use _CRT_SECURE_NO_WARNINGS. See online help for details.
     1>src\conf.c(472): warning C4996: 'strcpy': This function or variable may be unsafe. Consider using strcpy_s instead. To disable deprecation, use _CRT_SECURE_NO_WARNINGS. See online help for details.
         event.c
     1>src\event.c(102): warning C4996: 'sprintf': This function or variable may be unsafe. Consider using sprintf_s instead. To disable deprecation, use _CRT_SECURE_NO_WARNINGS. See online help for details.
                 c:\Program Files (x86)\Microsoft Visual Studio 10.0\VC\include\stdio.h(371) : 請參閱 'sprintf' 的宣告
     1>src\event.c(103): warning C4996: 'sprintf': This function or variable may be unsafe. Consider using sprintf_s instead. To disable deprecation, use _CRT_SECURE_NO_WARNINGS. See online help for details.
                 c:\Program Files (x86)\Microsoft Visual Studio 10.0\VC\include\stdio.h(371) : 請參閱 'sprintf' 的宣告
         format.c
     1>src\format.c(87): warning C4996: 'sscanf': This function or variable may be unsafe. Consider using sscanf_s instead. To disable deprecation, use _CRT_SECURE_NO_WARNINGS. See online help for details.
                 c:\Program Files (x86)\Microsoft Visual Studio 10.0\VC\include\stdio.h(325) : 請參閱 'sscanf' 的宣告
         level.c
     1>src\level.c(58): warning C4013: 'strcasecmp' 未定義; 假設 extern 傳回整數
     1>src\level.c(94): warning C4996: 'sscanf': This function or variable may be unsafe. Consider using sscanf_s instead. To disable deprecation, use _CRT_SECURE_NO_WARNINGS. See online help for details.
                 c:\Program Files (x86)\Microsoft Visual Studio 10.0\VC\include\stdio.h(325) : 請參閱 'sscanf' 的宣告
         level_list.c
     1>src\level_list.c(148): warning C4013: 'strcasecmp' 未定義; 假設 extern 傳回整數
         mdc.c
     1>src\mdc.c(69): warning C4996: '_snprintf': This function or variable may be unsafe. Consider using _snprintf_s instead. To disable deprecation, use _CRT_SECURE_NO_WARNINGS. See online help for details.
                 c:\Program Files (x86)\Microsoft Visual Studio 10.0\VC\include\stdio.h(363) : 請參閱 '_snprintf' 的宣告
     1>src\mdc.c(70): warning C4996: '_snprintf': This function or variable may be unsafe. Consider using _snprintf_s instead. To disable deprecation, use _CRT_SECURE_NO_WARNINGS. See online help for details.
                 c:\Program Files (x86)\Microsoft Visual Studio 10.0\VC\include\stdio.h(363) : 請參閱 '_snprintf' 的宣告
         record.c
     1>src\record.c(56): warning C4996: 'strcpy': This function or variable may be unsafe. Consider using strcpy_s instead. To disable deprecation, use _CRT_SECURE_NO_WARNINGS. See online help for details.
         record_table.c
         release.c
         rotater.c
     1>src\rotater.c(57): warning C4098: 'zlog_rotater_profile' : 'void' 函式正在傳回值
     1>src\rotater.c(91): warning C4022: 'CloseHandle' : 指標與實質參數 1 不相符
     1>src\rotater.c(158): warning C4047: '=' : 'int' 與 'HANDLE' 間接取值的層級不同
     1>src\rotater.c(216): warning C4996: '_snprintf': This function or variable may be unsafe. Consider using _snprintf_s instead. To disable deprecation, use _CRT_SECURE_NO_WARNINGS. See online help for details.
                 c:\Program Files (x86)\Microsoft Visual Studio 10.0\VC\include\stdio.h(363) : 請參閱 '_snprintf' 的宣告
     1>src\rotater.c(222): warning C4996: 'sscanf': This function or variable may be unsafe. Consider using sscanf_s instead. To disable deprecation, use _CRT_SECURE_NO_WARNINGS. See online help for details.
                 c:\Program Files (x86)\Microsoft Visual Studio 10.0\VC\include\stdio.h(325) : 請參閱 'sscanf' 的宣告
     1>src\rotater.c(311): warning C4996: 'unlink': The POSIX name for this item is deprecated. Instead, use the ISO C++ conformant name: _unlink. See online help for details.
                 c:\Program Files (x86)\Microsoft Visual Studio 10.0\VC\include\stdio.h(299) : 請參閱 'unlink' 的宣告
     1>src\rotater.c(337): warning C4996: '_snprintf': This function or variable may be unsafe. Consider using _snprintf_s instead. To disable deprecation, use _CRT_SECURE_NO_WARNINGS. See online help for details.
                 c:\Program Files (x86)\Microsoft Visual Studio 10.0\VC\include\stdio.h(363) : 請參閱 '_snprintf' 的宣告
     1>src\rotater.c(370): warning C4996: 'unlink': The POSIX name for this item is deprecated. Instead, use the ISO C++ conformant name: _unlink. See online help for details.
                 c:\Program Files (x86)\Microsoft Visual Studio 10.0\VC\include\stdio.h(299) : 請參閱 'unlink' 的宣告
     1>src\rotater.c(384): warning C4996: '_snprintf': This function or variable may be unsafe. Consider using _snprintf_s instead. To disable deprecation, use _CRT_SECURE_NO_WARNINGS. See online help for details.
                 c:\Program Files (x86)\Microsoft Visual Studio 10.0\VC\include\stdio.h(363) : 請參閱 '_snprintf' 的宣告
     1>src\rotater.c(402): warning C4996: '_snprintf': This function or variable may be unsafe. Consider using _snprintf_s instead. To disable deprecation, use _CRT_SECURE_NO_WARNINGS. See online help for details.
                 c:\Program Files (x86)\Microsoft Visual Studio 10.0\VC\include\stdio.h(363) : 請參閱 '_snprintf' 的宣告
     1>src\rotater.c(428): warning C4996: '_snprintf': This function or variable may be unsafe. Consider using _snprintf_s instead. To disable deprecation, use _CRT_SECURE_NO_WARNINGS. See online help for details.
                 c:\Program Files (x86)\Microsoft Visual Studio 10.0\VC\include\stdio.h(363) : 請參閱 '_snprintf' 的宣告
     1>src\rotater.c(447): warning C4996: 'sscanf': This function or variable may be unsafe. Consider using sscanf_s instead. To disable deprecation, use _CRT_SECURE_NO_WARNINGS. See online help for details.
                 c:\Program Files (x86)\Microsoft Visual Studio 10.0\VC\include\stdio.h(325) : 請參閱 'sscanf' 的宣告
     1>src\rotater.c(467): warning C4996: '_snprintf': This function or variable may be unsafe. Consider using _snprintf_s instead. To disable deprecation, use _CRT_SECURE_NO_WARNINGS. See online help for details.
                 c:\Program Files (x86)\Microsoft Visual Studio 10.0\VC\include\stdio.h(363) : 請參閱 '_snprintf' 的宣告
     1>src\rotater.c(557): warning C4022: 'LockFile' : 指標與實質參數 1 不相符
     1>src\rotater.c(598): warning C4022: 'UnlockFile' : 指標與實質參數 1 不相符
     1>src\rotater.c(654): warning C4013: 'zlogclose' 未定義; 假設 extern 傳回整數
     1>src\rotater.c(659): warning C4013: 'zlogopen' 未定義; 假設 extern 傳回整數
         rule.c
     1>src\rule.c(54): warning C4047: 'return' : 'int' 與 'HANDLE' 間接取值的層級不同
     1>src\rule.c(60): warning C4022: 'WriteFile' : 指標與實質參數 1 不相符
     1>src\rule.c(65): warning C4022: 'CloseHandle' : 指標與實質參數 1 不相符
     1>src\rule.c(125): warning C4244: '函式' : 將 '__int64' 轉換為 'int'，由於型別不同，可能導致資料遺失
     1>src\rule.c(133): warning C4013: 'fsync' 未定義; 假設 extern 傳回整數
     1>src\rule.c(173): warning C4267: '函式' : 將 'size_t' 轉換為 'int'，資料可能遺失
     1>src\rule.c(180): warning C4022: 'FlushFileBuffers' : 指標與實質參數 1 不相符
     1>src\rule.c(252): warning C4244: '函式' : 將 '__int64' 轉換為 'int'，由於型別不同，可能導致資料遺失
     1>src\rule.c(293): warning C4267: '函式' : 將 'size_t' 轉換為 'int'，資料可能遺失
     1>src\rule.c(345): warning C4244: '函式' : 將 '__int64' 轉換為 'int'，由於型別不同，可能導致資料遺失
     1>src\rule.c(449): warning C4047: '函式' : 'int' 與 'HANDLE' 間接取值的層級不同
     1>src\rule.c(449): warning C4024: 'zlogwrite' : 型式和實質參數 1 不同的型別
     1>src\rule.c(450): warning C4244: '函式' : 將 '__int64' 轉換為 'int'，由於型別不同，可能導致資料遺失
     1>src\rule.c(474): warning C4047: '函式' : 'int' 與 'HANDLE' 間接取值的層級不同
     1>src\rule.c(474): warning C4024: 'zlogwrite' : 型式和實質參數 1 不同的型別
     1>src\rule.c(475): warning C4244: '函式' : 將 '__int64' 轉換為 'int'，由於型別不同，可能導致資料遺失
     1>src\rule.c(490): warning C4013: 'strcasecmp' 未定義; 假設 extern 傳回整數
     1>src\rule.c(618): warning C4996: 'sscanf': This function or variable may be unsafe. Consider using sscanf_s instead. To disable deprecation, use _CRT_SECURE_NO_WARNINGS. See online help for details.
                 c:\Program Files (x86)\Microsoft Visual Studio 10.0\VC\include\stdio.h(325) : 請參閱 'sscanf' 的宣告
     1>src\rule.c(632): warning C4996: 'sscanf': This function or variable may be unsafe. Consider using sscanf_s instead. To disable deprecation, use _CRT_SECURE_NO_WARNINGS. See online help for details.
                 c:\Program Files (x86)\Microsoft Visual Studio 10.0\VC\include\stdio.h(325) : 請參閱 'sscanf' 的宣告
     1>src\rule.c(650): warning C4996: 'strcpy': This function or variable may be unsafe. Consider using strcpy_s instead. To disable deprecation, use _CRT_SECURE_NO_WARNINGS. See online help for details.
     1>src\rule.c(708): warning C4996: 'sscanf': This function or variable may be unsafe. Consider using sscanf_s instead. To disable deprecation, use _CRT_SECURE_NO_WARNINGS. See online help for details.
                 c:\Program Files (x86)\Microsoft Visual Studio 10.0\VC\include\stdio.h(325) : 請參閱 'sscanf' 的宣告
     1>src\rule.c(742): warning C4996: 'sscanf': This function or variable may be unsafe. Consider using sscanf_s instead. To disable deprecation, use _CRT_SECURE_NO_WARNINGS. See online help for details.
                 c:\Program Files (x86)\Microsoft Visual Studio 10.0\VC\include\stdio.h(325) : 請參閱 'sscanf' 的宣告
     1>src\rule.c(786): warning C4996: 'sscanf': This function or variable may be unsafe. Consider using sscanf_s instead. To disable deprecation, use _CRT_SECURE_NO_WARNINGS. See online help for details.
                 c:\Program Files (x86)\Microsoft Visual Studio 10.0\VC\include\stdio.h(325) : 請參閱 'sscanf' 的宣告
     1>src\rule.c(788): warning C4267: '=' : 將 'size_t' 轉換為 'long'，資料可能遺失
     1>src\rule.c(868): warning C4996: 'sscanf': This function or variable may be unsafe. Consider using sscanf_s instead. To disable deprecation, use _CRT_SECURE_NO_WARNINGS. See online help for details.
                 c:\Program Files (x86)\Microsoft Visual Studio 10.0\VC\include\stdio.h(325) : 請參閱 'sscanf' 的宣告
         spec.c
     1>src\spec.c(95): warning C4013: 'gettimeofday' 未定義; 假設 extern 傳回整數
     1>src\spec.c(95): warning C4013: 'localtime_r' 未定義; 假設 extern 傳回整數
     1>src\spec.c(218): warning C4013: 'getpid' 未定義; 假設 extern 傳回整數
     1>src\spec.c(224): warning C4996: 'sprintf': This function or variable may be unsafe. Consider using sprintf_s instead. To disable deprecation, use _CRT_SECURE_NO_WARNINGS. See online help for details.
                 c:\Program Files (x86)\Microsoft Visual Studio 10.0\VC\include\stdio.h(371) : 請參閱 'sprintf' 的宣告
     1>src\spec.c(455): warning C4996: 'sscanf': This function or variable may be unsafe. Consider using sscanf_s instead. To disable deprecation, use _CRT_SECURE_NO_WARNINGS. See online help for details.
                 c:\Program Files (x86)\Microsoft Visual Studio 10.0\VC\include\stdio.h(325) : 請參閱 'sscanf' 的宣告
     1>src\spec.c(457): warning C4996: 'sscanf': This function or variable may be unsafe. Consider using sscanf_s instead. To disable deprecation, use _CRT_SECURE_NO_WARNINGS. See online help for details.
                 c:\Program Files (x86)\Microsoft Visual Studio 10.0\VC\include\stdio.h(325) : 請參閱 'sscanf' 的宣告
     1>src\spec.c(499): warning C4996: 'sscanf': This function or variable may be unsafe. Consider using sscanf_s instead. To disable deprecation, use _CRT_SECURE_NO_WARNINGS. See online help for details.
                 c:\Program Files (x86)\Microsoft Visual Studio 10.0\VC\include\stdio.h(325) : 請參閱 'sscanf' 的宣告
     1>src\spec.c(520): warning C4996: 'strcpy': This function or variable may be unsafe. Consider using strcpy_s instead. To disable deprecation, use _CRT_SECURE_NO_WARNINGS. See online help for details.
     1>src\spec.c(525): warning C4996: 'strcpy': This function or variable may be unsafe. Consider using strcpy_s instead. To disable deprecation, use _CRT_SECURE_NO_WARNINGS. See online help for details.
     1>src\spec.c(529): warning C4996: 'sscanf': This function or variable may be unsafe. Consider using sscanf_s instead. To disable deprecation, use _CRT_SECURE_NO_WARNINGS. See online help for details.
                 c:\Program Files (x86)\Microsoft Visual Studio 10.0\VC\include\stdio.h(325) : 請參閱 'sscanf' 的宣告
     1>src\spec.c(541): warning C4244: '=' : 將 '__int64' 轉換為 'int'，由於型別不同，可能導致資料遺失
     1>src\spec.c(547): warning C4996: 'sscanf': This function or variable may be unsafe. Consider using sscanf_s instead. To disable deprecation, use _CRT_SECURE_NO_WARNINGS. See online help for details.
                 c:\Program Files (x86)\Microsoft Visual Studio 10.0\VC\include\stdio.h(325) : 請參閱 'sscanf' 的宣告
     1>src\spec.c(561): warning C4244: '=' : 將 '__int64' 轉換為 'int'，由於型別不同，可能導致資料遺失
     1>src\spec.c(569): warning C4244: '=' : 將 '__int64' 轉換為 'int'，由於型別不同，可能導致資料遺失
     1>src\spec.c(575): warning C4244: '=' : 將 '__int64' 轉換為 'int'，由於型別不同，可能導致資料遺失
     1>src\spec.c(581): warning C4244: '=' : 將 '__int64' 轉換為 'int'，由於型別不同，可能導致資料遺失
     1>src\spec.c(638): warning C4244: '=' : 將 '__int64' 轉換為 'int'，由於型別不同，可能導致資料遺失
     1>src\spec.c(640): warning C4267: '=' : 將 'size_t' 轉換為 'int'，資料可能遺失
         syslog-client.c
     1>src\syslog-client.c(88): warning C4996: 'strcpy': This function or variable may be unsafe. Consider using strcpy_s instead. To disable deprecation, use _CRT_SECURE_NO_WARNINGS. See online help for details.
     1>src\syslog-client.c(95): warning C4996: 'strcpy': This function or variable may be unsafe. Consider using strcpy_s instead. To disable deprecation, use _CRT_SECURE_NO_WARNINGS. See online help for details.
     1>src\syslog-client.c(104): warning C4996: 'strcat': This function or variable may be unsafe. Consider using strcat_s instead. To disable deprecation, use _CRT_SECURE_NO_WARNINGS. See online help for details.
     1>src\syslog-client.c(111): warning C4996: 'strcpy': This function or variable may be unsafe. Consider using strcpy_s instead. To disable deprecation, use _CRT_SECURE_NO_WARNINGS. See online help for details.
     1>src\syslog-client.c(114): warning C4996: 'fopen': This function or variable may be unsafe. Consider using fopen_s instead. To disable deprecation, use _CRT_SECURE_NO_WARNINGS. See online help for details.
                 c:\Program Files (x86)\Microsoft Visual Studio 10.0\VC\include\stdio.h(234) : 請參閱 'fopen' 的宣告
     1>src\syslog-client.c(187): warning C4047: '函式' : 'size_t' 與 'char [6]' 間接取值的層級不同
     1>src\syslog-client.c(187): warning C4024: '_snprintf_s' : 型式和實質參數 3 不同的型別
     1>src\syslog-client.c(187): warning C4047: '函式' : 'const char *' 與 'DWORD' 間接取值的層級不同
     1>src\syslog-client.c(187): warning C4024: '_snprintf_s' : 型式和實質參數 4 不同的型別
     1>src\syslog-client.c(194): warning C4133: '函式' : 不相容的型別 - 從 'char [16]' 至 'LPWSTR'
     1>src\syslog-client.c(230): warning C4113: 'void (__cdecl *)()' 與來自 'void (__cdecl *)(void)' 的參數清單不同
     1>src\syslog-client.c(301): warning C4996: 'sprintf': This function or variable may be unsafe. Consider using sprintf_s instead. To disable deprecation, use _CRT_SECURE_NO_WARNINGS. See online help for details.
                 c:\Program Files (x86)\Microsoft Visual Studio 10.0\VC\include\stdio.h(371) : 請參閱 'sprintf' 的宣告
     1>src\syslog-client.c(302): warning C4996: 'vsnprintf': This function or variable may be unsafe. Consider using vsnprintf_s instead. To disable deprecation, use _CRT_SECURE_NO_WARNINGS. See online help for details.
                 c:\Program Files (x86)\Microsoft Visual Studio 10.0\VC\include\stdio.h(354) : 請參閱 'vsnprintf' 的宣告
     1>src\syslog-client.c(310): warning C4267: '函式' : 將 'size_t' 轉換為 'int'，資料可能遺失
         thread.c
         thread_list.c
         win_compat.c
         zc_arraylist.c
         Compiling...
         zc_hashtable.c
         zc_profile.c
     1>src\zc_profile.c(40): warning C4013: 'localtime_r' 未定義; 假設 extern 傳回整數
     1>src\zc_profile.c(63): warning C4996: 'getenv': This function or variable may be unsafe. Consider using _dupenv_s instead. To disable deprecation, use _CRT_SECURE_NO_WARNINGS. See online help for details.
                 c:\Program Files (x86)\Microsoft Visual Studio 10.0\VC\include\stdlib.h(433) : 請參閱 'getenv' 的宣告
     1>src\zc_profile.c(64): warning C4996: 'getenv': This function or variable may be unsafe. Consider using _dupenv_s instead. To disable deprecation, use _CRT_SECURE_NO_WARNINGS. See online help for details.
                 c:\Program Files (x86)\Microsoft Visual Studio 10.0\VC\include\stdlib.h(433) : 請參閱 'getenv' 的宣告
     1>src\zc_profile.c(73): warning C4996: 'fopen': This function or variable may be unsafe. Consider using fopen_s instead. To disable deprecation, use _CRT_SECURE_NO_WARNINGS. See online help for details.
                 c:\Program Files (x86)\Microsoft Visual Studio 10.0\VC\include\stdio.h(234) : 請參閱 'fopen' 的宣告
     1>src\zc_profile.c(80): warning C4996: 'fopen': This function or variable may be unsafe. Consider using fopen_s instead. To disable deprecation, use _CRT_SECURE_NO_WARNINGS. See online help for details.
                 c:\Program Files (x86)\Microsoft Visual Studio 10.0\VC\include\stdio.h(234) : 請參閱 'fopen' 的宣告
     1>src\zc_profile.c(87): warning C4996: 'fopen': This function or variable may be unsafe. Consider using fopen_s instead. To disable deprecation, use _CRT_SECURE_NO_WARNINGS. See online help for details.
                 c:\Program Files (x86)\Microsoft Visual Studio 10.0\VC\include\stdio.h(234) : 請參閱 'fopen' 的宣告
         zc_util.c
     1>src\zc_util.c(104): warning C4267: '=' : 將 'size_t' 轉換為 'int'，資料可能遺失
     1>src\zc_util.c(121): warning C4996: 'sscanf': This function or variable may be unsafe. Consider using sscanf_s instead. To disable deprecation, use _CRT_SECURE_NO_WARNINGS. See online help for details.
                 c:\Program Files (x86)\Microsoft Visual Studio 10.0\VC\include\stdio.h(325) : 請參閱 'sscanf' 的宣告
     1>src\zc_util.c(127): warning C4996: 'strcpy': This function or variable may be unsafe. Consider using strcpy_s instead. To disable deprecation, use _CRT_SECURE_NO_WARNINGS. See online help for details.
     1>src\zc_util.c(132): warning C4996: 'sscanf': This function or variable may be unsafe. Consider using sscanf_s instead. To disable deprecation, use _CRT_SECURE_NO_WARNINGS. See online help for details.
                 c:\Program Files (x86)\Microsoft Visual Studio 10.0\VC\include\stdio.h(325) : 請參閱 'sscanf' 的宣告
     1>src\zc_util.c(144): warning C4996: '_snprintf': This function or variable may be unsafe. Consider using _snprintf_s instead. To disable deprecation, use _CRT_SECURE_NO_WARNINGS. See online help for details.
                 c:\Program Files (x86)\Microsoft Visual Studio 10.0\VC\include\stdio.h(363) : 請參閱 '_snprintf' 的宣告
     1>src\zc_util.c(144): warning C4996: 'getenv': This function or variable may be unsafe. Consider using _dupenv_s instead. To disable deprecation, use _CRT_SECURE_NO_WARNINGS. See online help for details.
                 c:\Program Files (x86)\Microsoft Visual Studio 10.0\VC\include\stdlib.h(433) : 請參閱 'getenv' 的宣告
     1>src\zc_util.c(151): warning C4244: '=' : 將 '__int64' 轉換為 'int'，由於型別不同，可能導致資料遺失
         zlog.c
       ResourceCompile:
         c:\Program Files (x86)\Microsoft SDKs\Windows\v7.0A\bin\rc.exe /D _UNICODE /D UNICODE /l"0x0409" /nologo /fo"x64\Release\zlog.res" zlog.rc 
       Link:
         c:\Program Files (x86)\Microsoft Visual Studio 10.0\VC\bin\x86_amd64\link.exe /ERRORREPORT:PROMPT /OUT:"C:\Users\ls\Desktop\WinZlog-master\zlog\\x64\Release\zlog.dll" /INCREMENTAL:NO /NOLOGO pthreadVC2.lib unixem.lib kernel32.lib user32.lib gdi32.lib winspool.lib comdlg32.lib advapi32.lib shell32.lib ole32.lib oleaut32.lib uuid.lib odbc32.lib odbccp32.lib /DEF:"zlog.def" /MANIFEST /ManifestFile:"x64\Release\zlog.dll.intermediate.manifest" /MANIFESTUAC:"level='asInvoker' uiAccess='false'" /DEBUG /PDB:"C:\Users\ls\Desktop\WinZlog-master\zlog\x64\Release\zlog.pdb" /SUBSYSTEM:CONSOLE /OPT:REF /OPT:ICF /LTCG /TLBID:1 /DYNAMICBASE /NXCOMPAT /IMPLIB:"C:\Users\ls\Desktop\WinZlog-master\zlog\\x64\Release\zlog.lib" /MACHINE:X64 /DLL x64\Release\zlog.res
         x64\Release\buf.obj
         x64\Release\category.obj
         x64\Release\category_table.obj
         x64\Release\conf.obj
         x64\Release\event.obj
         x64\Release\format.obj
         x64\Release\level.obj
         x64\Release\level_list.obj
         x64\Release\mdc.obj
         x64\Release\record.obj
         x64\Release\record_table.obj
         x64\Release\release.obj
         x64\Release\rotater.obj
         x64\Release\rule.obj
         x64\Release\spec.obj
         "x64\Release\syslog-client.obj"
         x64\Release\thread.obj
         x64\Release\thread_list.obj
         x64\Release\win_compat.obj
         x64\Release\zc_arraylist.obj
         x64\Release\zc_hashtable.obj
         x64\Release\zc_profile.obj
         x64\Release\zc_util.obj
         x64\Release\zlog.obj
            正在建立程式庫 C:\Users\ls\Desktop\WinZlog-master\zlog\\x64\Release\zlog.lib 和物件 C:\Users\ls\Desktop\WinZlog-master\zlog\\x64\Release\zlog.exp
     1>LINK : warning LNK4098: 預設的程式庫 'LIBCMT' 與其他使用的程式庫衝突，請使用 /NODEFAULTLIB:library
         正在產生程式碼
         已完成程式碼產生
     1>unixem.lib(glob.obj) : warning LNK4204: 'C:\Users\ls\Desktop\WinZlog-master\zlog\x64\Release\vc100.pdb' 遺漏參考模組的偵錯資訊，當做沒有偵錯資訊，連結物件
     1>unixem.lib(hostname.obj) : warning LNK4204: 'C:\Users\ls\Desktop\WinZlog-master\zlog\x64\Release\vc100.pdb' 遺漏參考模組的偵錯資訊，當做沒有偵錯資訊，連結物件
     1>unixem.lib(util.obj) : warning LNK4204: 'C:\Users\ls\Desktop\WinZlog-master\zlog\x64\Release\vc100.pdb' 遺漏參考模組的偵錯資訊，當做沒有偵錯資訊，連結物件
     1>unixem.lib(unistd.obj) : warning LNK4204: 'C:\Users\ls\Desktop\WinZlog-master\zlog\x64\Release\vc100.pdb' 遺漏參考模組的偵錯資訊，當做沒有偵錯資訊，連結物件
         zlog.vcxproj -> C:\Users\ls\Desktop\WinZlog-master\zlog\\x64\Release\zlog.dll
       Manifest:
         c:\Program Files (x86)\Microsoft SDKs\Windows\v7.0A\bin\mt.exe /nologo /verbose /outputresource:"C:\Users\ls\Desktop\WinZlog-master\zlog\\x64\Release\zlog.dll;#2" /manifest x64\Release\zlog.dll.intermediate.manifest
       PostBuildEvent:
         copy C:\Users\ls\Desktop\WinZlog-master\zlog\\x64\Release\zlog.dll C:\Users\ls\Desktop\WinZlog-master\zlog\\..\Release\bin\x64
         copy C:\Users\ls\Desktop\WinZlog-master\zlog\\x64\Release\zlog.lib C:\Users\ls\Desktop\WinZlog-master\zlog\\..\Release\lib\x64
         copy C:\Users\ls\Desktop\WinZlog-master\zlog\\x64\Release\zlog.dll C:\Users\ls\Desktop\WinZlog-master\zlog\\bin\x64
         :VCEnd
         複製了         1 個檔案。
         複製了         1 個檔案。
         複製了         1 個檔案。
       FinalizeBuildStatus:
         正在刪除檔案 "x64\Release\zlog.unsuccessfulbuild"。
         正在變更時間戳記 "x64\Release\zlog.lastbuildstate"。
     1>專案 "C:\Users\ls\Desktop\WinZlog-master\zlog\zlog.vcxproj" (rebuild 目標) 建置完成。

建置成功。

經過時間 00:00:05.80
