已經開始建置於 2019/7/15 下午 02:50:10。
     1>節點 3 (build 目標) 上的專案 "C:\Users\ls\Desktop\WinZlog-master\zlog\zlog.vcxproj"。
     1>PrepareForBuild:
         正在建立目錄 "C:\Users\ls\Desktop\WinZlog-master\zlog\lib\"。
       InitializeBuildStatus:
         由於指定了 "AlwaysCreate"，因此正在建立 "x64\Debug\zlog.unsuccessfulbuild"。
       ClCompile:
         c:\Program Files (x86)\Microsoft Visual Studio 10.0\VC\bin\x86_amd64\CL.exe /c /Zi /nologo /W3 /WX- /MP /Od /D WIN32 /D _DEBUG /D _CONSOLE /D _WINDLL /D _UNICODE /D UNICODE /Gm /EHsc /RTC1 /MDd /GS /fp:precise /Zc:wchar_t /Zc:forScope /Fo"x64\Debug\\" /Fd"x64\Debug\vc100.pdb" /Gd /TC /errorReport:prompt src\buf.c src\category.c src\category_table.c src\conf.c src\event.c src\format.c src\level.c src\level_list.c src\mdc.c src\record.c src\record_table.c src\release.c src\rotater.c src\rule.c src\spec.c "src\syslog-client.c" src\thread.c src\thread_list.c src\win_compat.c src\zc_arraylist.c src\zc_hashtable.c src\zc_profile.c src\zc_util.c src\zlog.c
     1>cl : 命令列 warning D9030: '/Gm' 和多重處理不相容; 忽略 /MP 參數
         zlog.c
         zc_util.c
     1>src\zc_util.c(101): warning C4267: '=' : 將 'size_t' 轉換為 'int'，資料可能遺失
     1>src\zc_util.c(118): warning C4996: 'sscanf': This function or variable may be unsafe. Consider using sscanf_s instead. To disable deprecation, use _CRT_SECURE_NO_WARNINGS. See online help for details.
                 c:\Program Files (x86)\Microsoft Visual Studio 10.0\VC\include\stdio.h(325) : 請參閱 'sscanf' 的宣告
     1>src\zc_util.c(124): warning C4996: 'strcpy': This function or variable may be unsafe. Consider using strcpy_s instead. To disable deprecation, use _CRT_SECURE_NO_WARNINGS. See online help for details.
                 c:\Program Files (x86)\Microsoft Visual Studio 10.0\VC\include\string.h(105) : 請參閱 'strcpy' 的宣告
     1>src\zc_util.c(129): warning C4996: 'sscanf': This function or variable may be unsafe. Consider using sscanf_s instead. To disable deprecation, use _CRT_SECURE_NO_WARNINGS. See online help for details.
                 c:\Program Files (x86)\Microsoft Visual Studio 10.0\VC\include\stdio.h(325) : 請參閱 'sscanf' 的宣告
     1>src\zc_util.c(141): warning C4047: '函式' : 'size_t' 與 'char [4097]' 間接取值的層級不同
     1>src\zc_util.c(141): warning C4024: '_snprintf_s' : 型式和實質參數 3 不同的型別
     1>src\zc_util.c(141): warning C4996: 'getenv': This function or variable may be unsafe. Consider using _dupenv_s instead. To disable deprecation, use _CRT_SECURE_NO_WARNINGS. See online help for details.
                 c:\Program Files (x86)\Microsoft Visual Studio 10.0\VC\include\stdlib.h(433) : 請參閱 'getenv' 的宣告
     1>src\zc_util.c(148): warning C4244: '=' : 將 '__int64' 轉換為 'int'，由於型別不同，可能導致資料遺失
         zc_profile.c
     1>src\zc_profile.c(40): warning C4013: 'localtime_r' 未定義; 假設 extern 傳回整數
     1>src\zc_profile.c(63): warning C4996: 'getenv': This function or variable may be unsafe. Consider using _dupenv_s instead. To disable deprecation, use _CRT_SECURE_NO_WARNINGS. See online help for details.
                 c:\Program Files (x86)\Microsoft Visual Studio 10.0\VC\include\stdlib.h(433) : 請參閱 'getenv' 的宣告
     1>src\zc_profile.c(64): warning C4996: 'getenv': This function or variable may be unsafe. Consider using _dupenv_s instead. To disable deprecation, use _CRT_SECURE_NO_WARNINGS. See online help for details.
                 c:\Program Files (x86)\Microsoft Visual Studio 10.0\VC\include\stdlib.h(433) : 請參閱 'getenv' 的宣告
     1>src\zc_profile.c(73): warning C4996: 'fopen': This function or variable may be unsafe. Consider using fopen_s instead. To disable deprecation, use _CRT_SECURE_NO_WARNINGS. See online help for details.
                 c:\Program Files (x86)\Microsoft Visual Studio 10.0\VC\include\stdio.h(234) : 請參閱 'fopen' 的宣告
     1>src\zc_profile.c(80): warning C4996: 'fopen': This function or variable may be unsafe. Consider using fopen_s instead. To disable deprecation, use _CRT_SECURE_NO_WARNINGS. See online help for details.
                 c:\Program Files (x86)\Microsoft Visual Studio 10.0\VC\include\stdio.h(234) : 請參閱 'fopen' 的宣告
     1>src\zc_profile.c(87): warning C4996: 'fopen': This function or variable may be unsafe. Consider using fopen_s instead. To disable deprecation, use _CRT_SECURE_NO_WARNINGS. See online help for details.
                 c:\Program Files (x86)\Microsoft Visual Studio 10.0\VC\include\stdio.h(234) : 請參閱 'fopen' 的宣告
         zc_hashtable.c
         zc_arraylist.c
         win_compat.c
         thread_list.c
         thread.c
         syslog-client.c
     1>src\syslog-client.c(88): warning C4996: 'strcpy': This function or variable may be unsafe. Consider using strcpy_s instead. To disable deprecation, use _CRT_SECURE_NO_WARNINGS. See online help for details.
                 c:\Program Files (x86)\Microsoft Visual Studio 10.0\VC\include\string.h(105) : 請參閱 'strcpy' 的宣告
     1>src\syslog-client.c(95): warning C4996: 'strcpy': This function or variable may be unsafe. Consider using strcpy_s instead. To disable deprecation, use _CRT_SECURE_NO_WARNINGS. See online help for details.
                 c:\Program Files (x86)\Microsoft Visual Studio 10.0\VC\include\string.h(105) : 請參閱 'strcpy' 的宣告
     1>src\syslog-client.c(104): warning C4996: 'strcat': This function or variable may be unsafe. Consider using strcat_s instead. To disable deprecation, use _CRT_SECURE_NO_WARNINGS. See online help for details.
                 c:\Program Files (x86)\Microsoft Visual Studio 10.0\VC\include\string.h(110) : 請參閱 'strcat' 的宣告
     1>src\syslog-client.c(111): warning C4996: 'strcpy': This function or variable may be unsafe. Consider using strcpy_s instead. To disable deprecation, use _CRT_SECURE_NO_WARNINGS. See online help for details.
                 c:\Program Files (x86)\Microsoft Visual Studio 10.0\VC\include\string.h(105) : 請參閱 'strcpy' 的宣告
     1>src\syslog-client.c(114): warning C4996: 'fopen': This function or variable may be unsafe. Consider using fopen_s instead. To disable deprecation, use _CRT_SECURE_NO_WARNINGS. See online help for details.
                 c:\Program Files (x86)\Microsoft Visual Studio 10.0\VC\include\stdio.h(234) : 請參閱 'fopen' 的宣告
     1>src\syslog-client.c(187): warning C4047: '函式' : 'size_t' 與 'char [6]' 間接取值的層級不同
     1>src\syslog-client.c(187): warning C4024: '_snprintf_s' : 型式和實質參數 3 不同的型別
     1>src\syslog-client.c(187): warning C4047: '函式' : 'const char *' 與 'DWORD' 間接取值的層級不同
     1>src\syslog-client.c(187): warning C4024: '_snprintf_s' : 型式和實質參數 4 不同的型別
     1>src\syslog-client.c(194): warning C4133: '函式' : 不相容的型別 - 從 'char [16]' 至 'LPWSTR'
     1>src\syslog-client.c(230): warning C4113: 'void (__cdecl *)()' 與來自 'void (__cdecl *)(void)' 的參數清單不同
     1>src\syslog-client.c(301): warning C4996: 'sprintf': This function or variable may be unsafe. Consider using sprintf_s instead. To disable deprecation, use _CRT_SECURE_NO_WARNINGS. See online help for details.
                 c:\Program Files (x86)\Microsoft Visual Studio 10.0\VC\include\stdio.h(371) : 請參閱 'sprintf' 的宣告
     1>src\syslog-client.c(302): warning C4996: 'vsnprintf': This function or variable may be unsafe. Consider using vsnprintf_s instead. To disable deprecation, use _CRT_SECURE_NO_WARNINGS. See online help for details.
                 c:\Program Files (x86)\Microsoft Visual Studio 10.0\VC\include\stdio.h(354) : 請參閱 'vsnprintf' 的宣告
     1>src\syslog-client.c(310): warning C4267: '函式' : 將 'size_t' 轉換為 'int'，資料可能遺失
         spec.c
     1>src\spec.c(95): warning C4013: 'gettimeofday' 未定義; 假設 extern 傳回整數
     1>src\spec.c(95): warning C4013: 'localtime_r' 未定義; 假設 extern 傳回整數
     1>src\spec.c(218): warning C4013: 'getpid' 未定義; 假設 extern 傳回整數
     1>src\spec.c(224): warning C4996: 'sprintf': This function or variable may be unsafe. Consider using sprintf_s instead. To disable deprecation, use _CRT_SECURE_NO_WARNINGS. See online help for details.
                 c:\Program Files (x86)\Microsoft Visual Studio 10.0\VC\include\stdio.h(371) : 請參閱 'sprintf' 的宣告
     1>src\spec.c(455): warning C4996: 'sscanf': This function or variable may be unsafe. Consider using sscanf_s instead. To disable deprecation, use _CRT_SECURE_NO_WARNINGS. See online help for details.
                 c:\Program Files (x86)\Microsoft Visual Studio 10.0\VC\include\stdio.h(325) : 請參閱 'sscanf' 的宣告
     1>src\spec.c(457): warning C4996: 'sscanf': This function or variable may be unsafe. Consider using sscanf_s instead. To disable deprecation, use _CRT_SECURE_NO_WARNINGS. See online help for details.
                 c:\Program Files (x86)\Microsoft Visual Studio 10.0\VC\include\stdio.h(325) : 請參閱 'sscanf' 的宣告
     1>src\spec.c(499): warning C4996: 'sscanf': This function or variable may be unsafe. Consider using sscanf_s instead. To disable deprecation, use _CRT_SECURE_NO_WARNINGS. See online help for details.
                 c:\Program Files (x86)\Microsoft Visual Studio 10.0\VC\include\stdio.h(325) : 請參閱 'sscanf' 的宣告
     1>src\spec.c(520): warning C4996: 'strcpy': This function or variable may be unsafe. Consider using strcpy_s instead. To disable deprecation, use _CRT_SECURE_NO_WARNINGS. See online help for details.
                 c:\Program Files (x86)\Microsoft Visual Studio 10.0\VC\include\string.h(105) : 請參閱 'strcpy' 的宣告
     1>src\spec.c(525): warning C4996: 'strcpy': This function or variable may be unsafe. Consider using strcpy_s instead. To disable deprecation, use _CRT_SECURE_NO_WARNINGS. See online help for details.
                 c:\Program Files (x86)\Microsoft Visual Studio 10.0\VC\include\string.h(105) : 請參閱 'strcpy' 的宣告
     1>src\spec.c(529): warning C4996: 'sscanf': This function or variable may be unsafe. Consider using sscanf_s instead. To disable deprecation, use _CRT_SECURE_NO_WARNINGS. See online help for details.
                 c:\Program Files (x86)\Microsoft Visual Studio 10.0\VC\include\stdio.h(325) : 請參閱 'sscanf' 的宣告
     1>src\spec.c(541): warning C4244: '=' : 將 '__int64' 轉換為 'int'，由於型別不同，可能導致資料遺失
     1>src\spec.c(547): warning C4996: 'sscanf': This function or variable may be unsafe. Consider using sscanf_s instead. To disable deprecation, use _CRT_SECURE_NO_WARNINGS. See online help for details.
                 c:\Program Files (x86)\Microsoft Visual Studio 10.0\VC\include\stdio.h(325) : 請參閱 'sscanf' 的宣告
     1>src\spec.c(561): warning C4244: '=' : 將 '__int64' 轉換為 'int'，由於型別不同，可能導致資料遺失
     1>src\spec.c(569): warning C4244: '=' : 將 '__int64' 轉換為 'int'，由於型別不同，可能導致資料遺失
     1>src\spec.c(575): warning C4244: '=' : 將 '__int64' 轉換為 'int'，由於型別不同，可能導致資料遺失
     1>src\spec.c(581): warning C4244: '=' : 將 '__int64' 轉換為 'int'，由於型別不同，可能導致資料遺失
     1>src\spec.c(638): warning C4244: '=' : 將 '__int64' 轉換為 'int'，由於型別不同，可能導致資料遺失
     1>src\spec.c(640): warning C4267: '=' : 將 'size_t' 轉換為 'int'，資料可能遺失
         rule.c
     1>src\rule.c(54): warning C4047: 'return' : 'int' 與 'HANDLE' 間接取值的層級不同
     1>src\rule.c(60): warning C4022: 'WriteFile' : 指標與實質參數 1 不相符
     1>src\rule.c(65): warning C4022: 'CloseHandle' : 指標與實質參數 1 不相符
     1>src\rule.c(125): warning C4244: '函式' : 將 '__int64' 轉換為 'int'，由於型別不同，可能導致資料遺失
     1>src\rule.c(133): warning C4013: 'fsync' 未定義; 假設 extern 傳回整數
     1>src\rule.c(172): warning C4267: '函式' : 將 'size_t' 轉換為 'int'，資料可能遺失
     1>src\rule.c(250): warning C4244: '函式' : 將 '__int64' 轉換為 'int'，由於型別不同，可能導致資料遺失
     1>src\rule.c(291): warning C4267: '函式' : 將 'size_t' 轉換為 'int'，資料可能遺失
     1>src\rule.c(343): warning C4244: '函式' : 將 '__int64' 轉換為 'int'，由於型別不同，可能導致資料遺失
     1>src\rule.c(447): warning C4047: '函式' : 'int' 與 'HANDLE' 間接取值的層級不同
     1>src\rule.c(447): warning C4024: 'zlogwrite' : 型式和實質參數 1 不同的型別
     1>src\rule.c(448): warning C4244: '函式' : 將 '__int64' 轉換為 'int'，由於型別不同，可能導致資料遺失
     1>src\rule.c(472): warning C4047: '函式' : 'int' 與 'HANDLE' 間接取值的層級不同
     1>src\rule.c(472): warning C4024: 'zlogwrite' : 型式和實質參數 1 不同的型別
     1>src\rule.c(473): warning C4244: '函式' : 將 '__int64' 轉換為 'int'，由於型別不同，可能導致資料遺失
     1>src\rule.c(488): warning C4013: 'strcasecmp' 未定義; 假設 extern 傳回整數
     1>src\rule.c(616): warning C4996: 'sscanf': This function or variable may be unsafe. Consider using sscanf_s instead. To disable deprecation, use _CRT_SECURE_NO_WARNINGS. See online help for details.
                 c:\Program Files (x86)\Microsoft Visual Studio 10.0\VC\include\stdio.h(325) : 請參閱 'sscanf' 的宣告
     1>src\rule.c(630): warning C4996: 'sscanf': This function or variable may be unsafe. Consider using sscanf_s instead. To disable deprecation, use _CRT_SECURE_NO_WARNINGS. See online help for details.
                 c:\Program Files (x86)\Microsoft Visual Studio 10.0\VC\include\stdio.h(325) : 請參閱 'sscanf' 的宣告
     1>src\rule.c(648): warning C4996: 'strcpy': This function or variable may be unsafe. Consider using strcpy_s instead. To disable deprecation, use _CRT_SECURE_NO_WARNINGS. See online help for details.
                 c:\Program Files (x86)\Microsoft Visual Studio 10.0\VC\include\string.h(105) : 請參閱 'strcpy' 的宣告
     1>src\rule.c(706): warning C4996: 'sscanf': This function or variable may be unsafe. Consider using sscanf_s instead. To disable deprecation, use _CRT_SECURE_NO_WARNINGS. See online help for details.
                 c:\Program Files (x86)\Microsoft Visual Studio 10.0\VC\include\stdio.h(325) : 請參閱 'sscanf' 的宣告
     1>src\rule.c(740): warning C4996: 'sscanf': This function or variable may be unsafe. Consider using sscanf_s instead. To disable deprecation, use _CRT_SECURE_NO_WARNINGS. See online help for details.
                 c:\Program Files (x86)\Microsoft Visual Studio 10.0\VC\include\stdio.h(325) : 請參閱 'sscanf' 的宣告
     1>src\rule.c(784): warning C4996: 'sscanf': This function or variable may be unsafe. Consider using sscanf_s instead. To disable deprecation, use _CRT_SECURE_NO_WARNINGS. See online help for details.
                 c:\Program Files (x86)\Microsoft Visual Studio 10.0\VC\include\stdio.h(325) : 請參閱 'sscanf' 的宣告
     1>src\rule.c(786): warning C4267: '=' : 將 'size_t' 轉換為 'long'，資料可能遺失
     1>src\rule.c(868): warning C4996: 'sscanf': This function or variable may be unsafe. Consider using sscanf_s instead. To disable deprecation, use _CRT_SECURE_NO_WARNINGS. See online help for details.
                 c:\Program Files (x86)\Microsoft Visual Studio 10.0\VC\include\stdio.h(325) : 請參閱 'sscanf' 的宣告
         rotater.c
     1>src\rotater.c(56): warning C4098: 'zlog_rotater_profile' : 'void' 函式正在傳回值
     1>src\rotater.c(90): warning C4022: 'CloseHandle' : 指標與實質參數 1 不相符
     1>src\rotater.c(157): warning C4047: '=' : 'int' 與 'HANDLE' 間接取值的層級不同
     1>src\rotater.c(214): warning C4047: '函式' : 'size_t' 與 'char [3]' 間接取值的層級不同
     1>src\rotater.c(214): warning C4024: '_snprintf_s' : 型式和實質參數 3 不同的型別
     1>src\rotater.c(220): warning C4996: 'sscanf': This function or variable may be unsafe. Consider using sscanf_s instead. To disable deprecation, use _CRT_SECURE_NO_WARNINGS. See online help for details.
                 c:\Program Files (x86)\Microsoft Visual Studio 10.0\VC\include\stdio.h(325) : 請參閱 'sscanf' 的宣告
     1>src\rotater.c(311): warning C4996: 'unlink': The POSIX name for this item is deprecated. Instead, use the ISO C++ conformant name: _unlink. See online help for details.
                 c:\Program Files (x86)\Microsoft Visual Studio 10.0\VC\include\stdio.h(299) : 請參閱 'unlink' 的宣告
     1>src\rotater.c(334): warning C4047: '函式' : 'size_t' 與 'char [11]' 間接取值的層級不同
     1>src\rotater.c(334): warning C4024: '_snprintf_s' : 型式和實質參數 3 不同的型別
     1>src\rotater.c(335): warning C4047: '函式' : 'const char *' 與 'int' 間接取值的層級不同
     1>src\rotater.c(335): warning C4024: '_snprintf_s' : 型式和實質參數 4 不同的型別
     1>src\rotater.c(370): warning C4996: 'unlink': The POSIX name for this item is deprecated. Instead, use the ISO C++ conformant name: _unlink. See online help for details.
                 c:\Program Files (x86)\Microsoft Visual Studio 10.0\VC\include\stdio.h(299) : 請參閱 'unlink' 的宣告
     1>src\rotater.c(380): warning C4047: '函式' : 'size_t' 與 'char [11]' 間接取值的層級不同
     1>src\rotater.c(380): warning C4024: '_snprintf_s' : 型式和實質參數 3 不同的型別
     1>src\rotater.c(381): warning C4047: '函式' : 'const char *' 與 'int' 間接取值的層級不同
     1>src\rotater.c(381): warning C4024: '_snprintf_s' : 型式和實質參數 4 不同的型別
     1>src\rotater.c(397): warning C4047: '函式' : 'size_t' 與 'char [11]' 間接取值的層級不同
     1>src\rotater.c(397): warning C4024: '_snprintf_s' : 型式和實質參數 3 不同的型別
     1>src\rotater.c(398): warning C4047: '函式' : 'const char *' 與 'int' 間接取值的層級不同
     1>src\rotater.c(398): warning C4024: '_snprintf_s' : 型式和實質參數 4 不同的型別
     1>src\rotater.c(425): warning C4047: '函式' : 'size_t' 與 'char [5]' 間接取值的層級不同
     1>src\rotater.c(425): warning C4024: '_snprintf_s' : 型式和實質參數 3 不同的型別
     1>src\rotater.c(445): warning C4996: 'sscanf': This function or variable may be unsafe. Consider using sscanf_s instead. To disable deprecation, use _CRT_SECURE_NO_WARNINGS. See online help for details.
                 c:\Program Files (x86)\Microsoft Visual Studio 10.0\VC\include\stdio.h(325) : 請參閱 'sscanf' 的宣告
     1>src\rotater.c(465): warning C4047: '函式' : 'size_t' 與 'char [4]' 間接取值的層級不同
     1>src\rotater.c(465): warning C4024: '_snprintf_s' : 型式和實質參數 3 不同的型別
     1>src\rotater.c(557): warning C4022: 'LockFile' : 指標與實質參數 1 不相符
     1>src\rotater.c(597): warning C4022: 'UnlockFile' : 指標與實質參數 1 不相符
     1>src\rotater.c(654): warning C4013: 'zlogclose' 未定義; 假設 extern 傳回整數
     1>src\rotater.c(659): warning C4013: 'zlogopen' 未定義; 假設 extern 傳回整數
         release.c
         record_table.c
         record.c
     1>src\record.c(56): warning C4996: 'strcpy': This function or variable may be unsafe. Consider using strcpy_s instead. To disable deprecation, use _CRT_SECURE_NO_WARNINGS. See online help for details.
                 c:\Program Files (x86)\Microsoft Visual Studio 10.0\VC\include\string.h(105) : 請參閱 'strcpy' 的宣告
         mdc.c
     1>src\mdc.c(69): warning C4047: '函式' : 'size_t' 與 'char [3]' 間接取值的層級不同
     1>src\mdc.c(69): warning C4024: '_snprintf_s' : 型式和實質參數 3 不同的型別
     1>src\mdc.c(70): warning C4047: '函式' : 'size_t' 與 'char [3]' 間接取值的層級不同
     1>src\mdc.c(70): warning C4024: '_snprintf_s' : 型式和實質參數 3 不同的型別
         level_list.c
     1>src\level_list.c(148): warning C4013: 'strcasecmp' 未定義; 假設 extern 傳回整數
         level.c
     1>src\level.c(58): warning C4013: 'strcasecmp' 未定義; 假設 extern 傳回整數
     1>src\level.c(94): warning C4996: 'sscanf': This function or variable may be unsafe. Consider using sscanf_s instead. To disable deprecation, use _CRT_SECURE_NO_WARNINGS. See online help for details.
                 c:\Program Files (x86)\Microsoft Visual Studio 10.0\VC\include\stdio.h(325) : 請參閱 'sscanf' 的宣告
         format.c
     1>src\format.c(87): warning C4996: 'sscanf': This function or variable may be unsafe. Consider using sscanf_s instead. To disable deprecation, use _CRT_SECURE_NO_WARNINGS. See online help for details.
                 c:\Program Files (x86)\Microsoft Visual Studio 10.0\VC\include\stdio.h(325) : 請參閱 'sscanf' 的宣告
         event.c
     1>src\event.c(102): warning C4996: 'sprintf': This function or variable may be unsafe. Consider using sprintf_s instead. To disable deprecation, use _CRT_SECURE_NO_WARNINGS. See online help for details.
                 c:\Program Files (x86)\Microsoft Visual Studio 10.0\VC\include\stdio.h(371) : 請參閱 'sprintf' 的宣告
     1>src\event.c(103): warning C4996: 'sprintf': This function or variable may be unsafe. Consider using sprintf_s instead. To disable deprecation, use _CRT_SECURE_NO_WARNINGS. See online help for details.
                 c:\Program Files (x86)\Microsoft Visual Studio 10.0\VC\include\stdio.h(371) : 請參閱 'sprintf' 的宣告
         Generating Code...
         Compiling...
         conf.c
     1>src\conf.c(122): warning C4996: 'fopen': This function or variable may be unsafe. Consider using fopen_s instead. To disable deprecation, use _CRT_SECURE_NO_WARNINGS. See online help for details.
                 c:\Program Files (x86)\Microsoft Visual Studio 10.0\VC\include\stdio.h(234) : 請參閱 'fopen' 的宣告
     1>src\conf.c(144): warning C4047: '函式' : 'size_t' 與 'char [3]' 間接取值的層級不同
     1>src\conf.c(144): warning C4024: '_snprintf_s' : 型式和實質參數 3 不同的型別
     1>src\conf.c(146): warning C4996: 'getenv': This function or variable may be unsafe. Consider using _dupenv_s instead. To disable deprecation, use _CRT_SECURE_NO_WARNINGS. See online help for details.
                 c:\Program Files (x86)\Microsoft Visual Studio 10.0\VC\include\stdlib.h(433) : 請參閱 'getenv' 的宣告
     1>src\conf.c(147): warning C4047: '函式' : 'size_t' 與 'char [3]' 間接取值的層級不同
     1>src\conf.c(147): warning C4024: '_snprintf_s' : 型式和實質參數 3 不同的型別
     1>src\conf.c(147): warning C4996: 'getenv': This function or variable may be unsafe. Consider using _dupenv_s instead. To disable deprecation, use _CRT_SECURE_NO_WARNINGS. See online help for details.
                 c:\Program Files (x86)\Microsoft Visual Studio 10.0\VC\include\stdlib.h(433) : 請參閱 'getenv' 的宣告
     1>src\conf.c(164): warning C4996: 'strcpy': This function or variable may be unsafe. Consider using strcpy_s instead. To disable deprecation, use _CRT_SECURE_NO_WARNINGS. See online help for details.
                 c:\Program Files (x86)\Microsoft Visual Studio 10.0\VC\include\string.h(105) : 請參閱 'strcpy' 的宣告
     1>src\conf.c(166): warning C4996: 'strcpy': This function or variable may be unsafe. Consider using strcpy_s instead. To disable deprecation, use _CRT_SECURE_NO_WARNINGS. See online help for details.
                 c:\Program Files (x86)\Microsoft Visual Studio 10.0\VC\include\string.h(105) : 請參閱 'strcpy' 的宣告
     1>src\conf.c(168): warning C4996: 'strcpy': This function or variable may be unsafe. Consider using strcpy_s instead. To disable deprecation, use _CRT_SECURE_NO_WARNINGS. See online help for details.
                 c:\Program Files (x86)\Microsoft Visual Studio 10.0\VC\include\string.h(105) : 請參閱 'strcpy' 的宣告
     1>src\conf.c(273): warning C4133: '函式' : 不相容的型別 - 從 'stat *' 至 '_stat64i32 *'
     1>src\conf.c(281): warning C4013: 'localtime_r' 未定義; 假設 extern 傳回整數
     1>src\conf.c(284): warning C4996: 'fopen': This function or variable may be unsafe. Consider using fopen_s instead. To disable deprecation, use _CRT_SECURE_NO_WARNINGS. See online help for details.
                 c:\Program Files (x86)\Microsoft Visual Studio 10.0\VC\include\stdio.h(234) : 請參閱 'fopen' 的宣告
     1>src\conf.c(293): warning C4267: '函式' : 將 'size_t' 轉換為 'int'，資料可能遺失
     1>src\conf.c(380): warning C4996: 'sscanf': This function or variable may be unsafe. Consider using sscanf_s instead. To disable deprecation, use _CRT_SECURE_NO_WARNINGS. See online help for details.
                 c:\Program Files (x86)\Microsoft Visual Studio 10.0\VC\include\stdio.h(325) : 請參閱 'sscanf' 的宣告
     1>src\conf.c(436): warning C4996: 'sscanf': This function or variable may be unsafe. Consider using sscanf_s instead. To disable deprecation, use _CRT_SECURE_NO_WARNINGS. See online help for details.
                 c:\Program Files (x86)\Microsoft Visual Studio 10.0\VC\include\stdio.h(325) : 請參閱 'sscanf' 的宣告
     1>src\conf.c(445): warning C4996: 'sscanf': This function or variable may be unsafe. Consider using sscanf_s instead. To disable deprecation, use _CRT_SECURE_NO_WARNINGS. See online help for details.
                 c:\Program Files (x86)\Microsoft Visual Studio 10.0\VC\include\stdio.h(325) : 請參閱 'sscanf' 的宣告
     1>src\conf.c(451): warning C4013: 'strcasecmp' 未定義; 假設 extern 傳回整數
     1>src\conf.c(451): warning C4996: 'getenv': This function or variable may be unsafe. Consider using _dupenv_s instead. To disable deprecation, use _CRT_SECURE_NO_WARNINGS. See online help for details.
                 c:\Program Files (x86)\Microsoft Visual Studio 10.0\VC\include\stdlib.h(433) : 請參閱 'getenv' 的宣告
     1>src\conf.c(461): warning C4996: 'sscanf': This function or variable may be unsafe. Consider using sscanf_s instead. To disable deprecation, use _CRT_SECURE_NO_WARNINGS. See online help for details.
                 c:\Program Files (x86)\Microsoft Visual Studio 10.0\VC\include\stdio.h(325) : 請參閱 'sscanf' 的宣告
     1>src\conf.c(466): warning C4996: 'strcpy': This function or variable may be unsafe. Consider using strcpy_s instead. To disable deprecation, use _CRT_SECURE_NO_WARNINGS. See online help for details.
                 c:\Program Files (x86)\Microsoft Visual Studio 10.0\VC\include\string.h(105) : 請參閱 'strcpy' 的宣告
     1>src\conf.c(468): warning C4996: 'strcpy': This function or variable may be unsafe. Consider using strcpy_s instead. To disable deprecation, use _CRT_SECURE_NO_WARNINGS. See online help for details.
                 c:\Program Files (x86)\Microsoft Visual Studio 10.0\VC\include\string.h(105) : 請參閱 'strcpy' 的宣告
     1>src\conf.c(472): warning C4996: 'strcpy': This function or variable may be unsafe. Consider using strcpy_s instead. To disable deprecation, use _CRT_SECURE_NO_WARNINGS. See online help for details.
                 c:\Program Files (x86)\Microsoft Visual Studio 10.0\VC\include\string.h(105) : 請參閱 'strcpy' 的宣告
         category_table.c
         category.c
     1>src\category.c(143): warning C4996: 'strcpy': This function or variable may be unsafe. Consider using strcpy_s instead. To disable deprecation, use _CRT_SECURE_NO_WARNINGS. See online help for details.
                 c:\Program Files (x86)\Microsoft Visual Studio 10.0\VC\include\string.h(105) : 請參閱 'strcpy' 的宣告
         buf.c
     1>src\buf.c(124): warning C4996: 'strcpy': This function or variable may be unsafe. Consider using strcpy_s instead. To disable deprecation, use _CRT_SECURE_NO_WARNINGS. See online help for details.
                 c:\Program Files (x86)\Microsoft Visual Studio 10.0\VC\include\string.h(105) : 請參閱 'strcpy' 的宣告
     1>src\buf.c(186): warning C4244: '=' : 將 'double' 轉換為 'size_t'，由於型別不同，可能導致資料遺失
     1>src\buf.c(238): warning C4996: 'vsnprintf': This function or variable may be unsafe. Consider using vsnprintf_s instead. To disable deprecation, use _CRT_SECURE_NO_WARNINGS. See online help for details.
                 c:\Program Files (x86)\Microsoft Visual Studio 10.0\VC\include\stdio.h(354) : 請參閱 'vsnprintf' 的宣告
     1>src\buf.c(259): warning C4996: 'vsnprintf': This function or variable may be unsafe. Consider using vsnprintf_s instead. To disable deprecation, use _CRT_SECURE_NO_WARNINGS. See online help for details.
                 c:\Program Files (x86)\Microsoft Visual Studio 10.0\VC\include\stdio.h(354) : 請參閱 'vsnprintf' 的宣告
     1>src\buf.c(276): warning C4996: 'vsnprintf': This function or variable may be unsafe. Consider using vsnprintf_s instead. To disable deprecation, use _CRT_SECURE_NO_WARNINGS. See online help for details.
                 c:\Program Files (x86)\Microsoft Visual Studio 10.0\VC\include\stdio.h(354) : 請參閱 'vsnprintf' 的宣告
     1>src\buf.c(613): warning C4018: '>' : signed/unsigned 不相符
         Generating Code...
       ManifestResourceCompile:
         c:\Program Files (x86)\Microsoft SDKs\Windows\v7.0A\bin\rc.exe /nologo /fo"x64\Debug\zlog_Debug.dll.embed.manifest.res" x64\Debug\zlog_Debug_manifest.rc 
       Link:
         c:\Program Files (x86)\Microsoft Visual Studio 10.0\VC\bin\x86_amd64\link.exe /ERRORREPORT:PROMPT /OUT:"C:\Users\ls\Desktop\WinZlog-master\zlog\lib\zlog_Debug.dll" /INCREMENTAL /NOLOGO pthreadVSE2.lib unixem.vc10.dll.debug.lib kernel32.lib user32.lib gdi32.lib winspool.lib comdlg32.lib advapi32.lib shell32.lib ole32.lib oleaut32.lib uuid.lib odbc32.lib odbccp32.lib /DEF:"zlog.def" /MANIFEST /ManifestFile:"x64\Debug\zlog_Debug.dll.intermediate.manifest" /MANIFESTUAC:"level='asInvoker' uiAccess='false'" /DEBUG /PDB:"C:\Users\ls\Desktop\WinZlog-master\zlog\lib\zlog_Debug.pdb" /SUBSYSTEM:CONSOLE /TLBID:1 /DYNAMICBASE /NXCOMPAT /IMPLIB:"C:\Users\ls\Desktop\WinZlog-master\zlog\lib\zlog_Debug.lib" /MACHINE:X64 /DLL x64\Debug\zlog_Debug.dll.embed.manifest.res
         x64\Debug\buf.obj
         x64\Debug\category.obj
         x64\Debug\category_table.obj
         x64\Debug\conf.obj
         x64\Debug\event.obj
         x64\Debug\format.obj
         x64\Debug\level.obj
         x64\Debug\level_list.obj
         x64\Debug\mdc.obj
         x64\Debug\record.obj
         x64\Debug\record_table.obj
         x64\Debug\release.obj
         x64\Debug\rotater.obj
         x64\Debug\rule.obj
         x64\Debug\spec.obj
         "x64\Debug\syslog-client.obj"
         x64\Debug\thread.obj
         x64\Debug\thread_list.obj
         x64\Debug\win_compat.obj
         x64\Debug\zc_arraylist.obj
         x64\Debug\zc_hashtable.obj
         x64\Debug\zc_profile.obj
         x64\Debug\zc_util.obj
         x64\Debug\zlog.obj
     1>LINK : fatal error LNK1104: 無法開啟檔案 'unixem.vc10.dll.debug.lib'
     1>專案 "C:\Users\ls\Desktop\WinZlog-master\zlog\zlog.vcxproj" (build 目標) 建置完成 -- 失敗。

建置失敗。

經過時間 00:00:05.86
