c:\users\openisdm\documents\github\bot-windows-zlog\zlog\zlog\x64\release\vc143.pdb
c:\users\openisdm\documents\github\bot-windows-zlog\zlog\zlog\x64\release\zc_arraylist.obj
c:\users\openisdm\documents\github\bot-windows-zlog\zlog\zlog\x64\release\win_compat.obj
c:\users\openisdm\documents\github\bot-windows-zlog\zlog\zlog\x64\release\thread_list.obj
c:\users\openisdm\documents\github\bot-windows-zlog\zlog\zlog\x64\release\thread.obj
c:\users\openisdm\documents\github\bot-windows-zlog\zlog\zlog\x64\release\syslog-client.obj
c:\users\openisdm\documents\github\bot-windows-zlog\zlog\zlog\x64\release\spec.obj
c:\users\openisdm\documents\github\bot-windows-zlog\zlog\zlog\x64\release\rule.obj
c:\users\openisdm\documents\github\bot-windows-zlog\zlog\zlog\x64\release\rotater.obj
c:\users\openisdm\documents\github\bot-windows-zlog\zlog\zlog\x64\release\release.obj
c:\users\openisdm\documents\github\bot-windows-zlog\zlog\zlog\x64\release\record_table.obj
c:\users\openisdm\documents\github\bot-windows-zlog\zlog\zlog\x64\release\record.obj
c:\users\openisdm\documents\github\bot-windows-zlog\zlog\zlog\x64\release\mdc.obj
c:\users\openisdm\documents\github\bot-windows-zlog\zlog\zlog\x64\release\level_list.obj
c:\users\openisdm\documents\github\bot-windows-zlog\zlog\zlog\x64\release\level.obj
c:\users\openisdm\documents\github\bot-windows-zlog\zlog\zlog\x64\release\format.obj
c:\users\openisdm\documents\github\bot-windows-zlog\zlog\zlog\x64\release\event.obj
c:\users\openisdm\documents\github\bot-windows-zlog\zlog\zlog\x64\release\conf.obj
c:\users\openisdm\documents\github\bot-windows-zlog\zlog\zlog\x64\release\category_table.obj
c:\users\openisdm\documents\github\bot-windows-zlog\zlog\zlog\x64\release\category.obj
c:\users\openisdm\documents\github\bot-windows-zlog\zlog\zlog\x64\release\buf.obj
c:\users\openisdm\documents\github\bot-windows-zlog\zlog\zlog\x64\release\zlog.obj
c:\users\openisdm\documents\github\bot-windows-zlog\zlog\zlog\x64\release\zc_util.obj
c:\users\openisdm\documents\github\bot-windows-zlog\zlog\zlog\x64\release\zc_profile.obj
c:\users\openisdm\documents\github\bot-windows-zlog\zlog\zlog\x64\release\zc_hashtable.obj
c:\users\openisdm\documents\github\bot-windows-zlog\zlog\x64\release\zlog.dll
c:\users\openisdm\documents\github\bot-windows-zlog\zlog\x64\release\zlog.pdb
c:\users\openisdm\documents\github\bot-windows-zlog\zlog\zlog\x64\release\zlog.res
c:\users\openisdm\documents\github\bot-windows-zlog\zlog\x64\release\zlog.lib
c:\users\openisdm\documents\github\bot-windows-zlog\zlog\x64\release\zlog.exp
c:\users\openisdm\documents\github\bot-windows-zlog\zlog\zlog\x64\release\zlog.ipdb
c:\users\openisdm\documents\github\bot-windows-zlog\zlog\zlog\x64\release\zlog.iobj
c:\users\openisdm\documents\github\bot-windows-zlog\zlog\\x64\release\zlog.pdb
c:\users\openisdm\documents\github\bot-windows-zlog\zlog\zlog\x64\release\zlog.tlog\cl.command.1.tlog
c:\users\openisdm\documents\github\bot-windows-zlog\zlog\zlog\x64\release\zlog.tlog\cl.items.tlog
c:\users\openisdm\documents\github\bot-windows-zlog\zlog\zlog\x64\release\zlog.tlog\cl.read.1.tlog
c:\users\openisdm\documents\github\bot-windows-zlog\zlog\zlog\x64\release\zlog.tlog\cl.write.1.tlog
c:\users\openisdm\documents\github\bot-windows-zlog\zlog\zlog\x64\release\zlog.tlog\link.command.1.tlog
c:\users\openisdm\documents\github\bot-windows-zlog\zlog\zlog\x64\release\zlog.tlog\link.read.1.tlog
c:\users\openisdm\documents\github\bot-windows-zlog\zlog\zlog\x64\release\zlog.tlog\link.secondary.1.tlog
c:\users\openisdm\documents\github\bot-windows-zlog\zlog\zlog\x64\release\zlog.tlog\link.write.1.tlog
c:\users\openisdm\documents\github\bot-windows-zlog\zlog\zlog\x64\release\zlog.tlog\rc.command.1.tlog
c:\users\openisdm\documents\github\bot-windows-zlog\zlog\zlog\x64\release\zlog.tlog\rc.read.1.tlog
c:\users\openisdm\documents\github\bot-windows-zlog\zlog\zlog\x64\release\zlog.tlog\rc.write.1.tlog
